Removed Pin From Net: NetName=SENSOR Pin=U4-29
Removed Pin From Net: NetName=HEATER Pin=U4-30
Added Component: Designator=J1(BYPASS-MINI)
Added Component: Designator=J2(BYPASS-MINI)
Added Component: Designator=P5(HDR1X4)
Added Component: Designator=R9(0603R-GENERIC)
Added Pin To Net: NetName=+3V3 Pin=P5-1
Added Pin To Net: NetName=GND Pin=P5-4
Added Pin To Net: NetName=SENSOR Pin=U4-27
Added Pin To Net: NetName=HEATER Pin=U4-28
Added Pin To Net: NetName=ADC Pin=J1-1
Added Pin To Net: NetName=ADC Pin=U4-13
Added Net: Name=ADC
Added Pin To Net: NetName=NetJ1_2 Pin=J1-2
Added Pin To Net: NetName=NetJ1_2 Pin=J2-1
Added Pin To Net: NetName=NetJ1_2 Pin=P5-2
Added Pin To Net: NetName=NetJ1_2 Pin=R9-2
Added Net: Name=NetJ1_2
Added Pin To Net: NetName=SCL Pin=J2-2
Added Pin To Net: NetName=SCL Pin=U4-29
Added Net: Name=SCL
Added Pin To Net: NetName=SDA Pin=P5-3
Added Pin To Net: NetName=SDA Pin=R9-1
Added Pin To Net: NetName=SDA Pin=U4-30
Added Net: Name=SDA
Added Member To Class: ClassName=water_heater_02 Member=Component J1 
Added Member To Class: ClassName=water_heater_02 Member=Component J2 
Added Member To Class: ClassName=water_heater_02 Member=Component P5 Header 4
Added Member To Class: ClassName=water_heater_02 Member=Component R9 Res2
