Added Component: Designator=C1(0603C-GENERIC)
Added Component: Designator=C2(0603C-GENERIC)
Added Component: Designator=C3(0603C-GENERIC)
Added Component: Designator=C4(0603C-GENERIC)
Added Component: Designator=C5(0603C-GENERIC)
Added Component: Designator=C6(0603C-GENERIC)
Added Component: Designator=C7(0603C-GENERIC)
Added Component: Designator=D1(LED-3MM-GREEN)
Added Component: Designator=D2(LED-3MM-GREEN)
Added Component: Designator=K1(rj45)
Added Component: Designator=P1(HDR1X5)
Added Component: Designator=P2(XY301V-3P (5.00))
Added Component: Designator=P3(XY301V-3P (5.00))
Added Component: Designator=Q1(SOT23-123)
Added Component: Designator=Q2(SOT23-123)
Added Component: Designator=R1(0603R-GENERIC)
Added Component: Designator=R2(0402R-GENERIC)
Added Component: Designator=R3(0402R-GENERIC)
Added Component: Designator=R4(0603R-GENERIC)
Added Component: Designator=R5(0402R-GENERIC)
Added Component: Designator=R6(0603R-GENERIC)
Added Component: Designator=R7(0402R-GENERIC)
Added Component: Designator=R8(0402R-GENERIC)
Added Component: Designator=S1(SO8_N)
Added Component: Designator=SW1(PTS810)
Added Component: Designator=U1(SO8)
Added Component: Designator=U2(SOT-89)
Added Component: Designator=U3(FP-SOT25-IPC_B)
Added Component: Designator=U4(UFQFPN32_M)
Added Pin To Net: NetName=+3V3 Pin=C4-2
Added Pin To Net: NetName=+3V3 Pin=C5-1
Added Pin To Net: NetName=+3V3 Pin=C6-1
Added Pin To Net: NetName=+3V3 Pin=C7-1
Added Pin To Net: NetName=+3V3 Pin=P1-1
Added Pin To Net: NetName=+3V3 Pin=P3-3
Added Pin To Net: NetName=+3V3 Pin=R1-2
Added Pin To Net: NetName=+3V3 Pin=R8-1
Added Pin To Net: NetName=+3V3 Pin=U1-5
Added Pin To Net: NetName=+3V3 Pin=U2-1
Added Pin To Net: NetName=+3V3 Pin=U4-1
Added Pin To Net: NetName=+3V3 Pin=U4-5
Added Pin To Net: NetName=+3V3 Pin=U4-17
Added Net: Name=+3V3
Added Pin To Net: NetName=+5V Pin=C3-2
Added Pin To Net: NetName=+5V Pin=U1-3
Added Pin To Net: NetName=+5V Pin=U3-5
Added Net: Name=+5V
Added Pin To Net: NetName=+24V Pin=C1-2
Added Pin To Net: NetName=+24V Pin=C2-2
Added Pin To Net: NetName=+24V Pin=K1-1
Added Pin To Net: NetName=+24V Pin=K1-2
Added Pin To Net: NetName=+24V Pin=K1-3
Added Pin To Net: NetName=+24V Pin=P2-2
Added Pin To Net: NetName=+24V Pin=U2-3
Added Pin To Net: NetName=+24V Pin=U3-1
Added Pin To Net: NetName=+24V Pin=U3-3
Added Net: Name=+24V
Added Pin To Net: NetName=CAN_RX Pin=U1-4
Added Pin To Net: NetName=CAN_RX Pin=U4-21
Added Net: Name=CAN_RX
Added Pin To Net: NetName=CAN_TX Pin=U1-1
Added Pin To Net: NetName=CAN_TX Pin=U4-22
Added Net: Name=CAN_TX
Added Pin To Net: NetName=CANH Pin=K1-4
Added Pin To Net: NetName=CANH Pin=R2-2
Added Pin To Net: NetName=CANH Pin=U1-7
Added Net: Name=CANH
Added Pin To Net: NetName=CANL Pin=K1-5
Added Pin To Net: NetName=CANL Pin=R2-1
Added Pin To Net: NetName=CANL Pin=U1-6
Added Net: Name=CANL
Added Pin To Net: NetName=GND Pin=C1-1
Added Pin To Net: NetName=GND Pin=C2-1
Added Pin To Net: NetName=GND Pin=C3-1
Added Pin To Net: NetName=GND Pin=C4-1
Added Pin To Net: NetName=GND Pin=C5-2
Added Pin To Net: NetName=GND Pin=C6-2
Added Pin To Net: NetName=GND Pin=C7-2
Added Pin To Net: NetName=GND Pin=D1-K
Added Pin To Net: NetName=GND Pin=D2-K
Added Pin To Net: NetName=GND Pin=K1-6
Added Pin To Net: NetName=GND Pin=K1-7
Added Pin To Net: NetName=GND Pin=K1-8
Added Pin To Net: NetName=GND Pin=P1-3
Added Pin To Net: NetName=GND Pin=P3-1
Added Pin To Net: NetName=GND Pin=Q1-2
Added Pin To Net: NetName=GND Pin=Q2-2
Added Pin To Net: NetName=GND Pin=R5-2
Added Pin To Net: NetName=GND Pin=R7-2
Added Pin To Net: NetName=GND Pin=S1-1
Added Pin To Net: NetName=GND Pin=S1-2
Added Pin To Net: NetName=GND Pin=S1-3
Added Pin To Net: NetName=GND Pin=S1-4
Added Pin To Net: NetName=GND Pin=SW1-2
Added Pin To Net: NetName=GND Pin=SW1-2
Added Pin To Net: NetName=GND Pin=U1-2
Added Pin To Net: NetName=GND Pin=U1-8
Added Pin To Net: NetName=GND Pin=U2-2
Added Pin To Net: NetName=GND Pin=U2-4
Added Pin To Net: NetName=GND Pin=U3-2
Added Pin To Net: NetName=GND Pin=U4-6
Added Pin To Net: NetName=GND Pin=U4-16
Added Pin To Net: NetName=GND Pin=U4-31
Added Pin To Net: NetName=GND Pin=U4-32
Added Pin To Net: NetName=GND Pin=U4-33
Added Net: Name=GND
Added Pin To Net: NetName=HEATER Pin=Q2-1
Added Pin To Net: NetName=HEATER Pin=R7-1
Added Pin To Net: NetName=HEATER Pin=U4-14
Added Net: Name=HEATER
Added Pin To Net: NetName=NetD1_A Pin=D1-A
Added Pin To Net: NetName=NetD1_A Pin=R4-1
Added Net: Name=NetD1_A
Added Pin To Net: NetName=NetD2_A Pin=D2-A
Added Pin To Net: NetName=NetD2_A Pin=R6-1
Added Net: Name=NetD2_A
Added Pin To Net: NetName=NetP2_1 Pin=P2-1
Added Pin To Net: NetName=NetP2_1 Pin=Q2-3
Added Net: Name=NetP2_1
Added Pin To Net: NetName=NetP2_3 Pin=P2-3
Added Pin To Net: NetName=NetP2_3 Pin=R3-1
Added Net: Name=NetP2_3
Added Pin To Net: NetName=NetQ1_2 Pin=Q1-1
Added Pin To Net: NetName=NetQ1_2 Pin=R3-2
Added Pin To Net: NetName=NetQ1_2 Pin=R5-1
Added Net: Name=NetQ1_2
Added Pin To Net: NetName=NetR4_2 Pin=R4-2
Added Pin To Net: NetName=NetR4_2 Pin=U4-7
Added Net: Name=NetR4_2
Added Pin To Net: NetName=NetR6_2 Pin=R6-2
Added Pin To Net: NetName=NetR6_2 Pin=U4-8
Added Net: Name=NetR6_2
Added Pin To Net: NetName=NetS1_5 Pin=S1-5
Added Pin To Net: NetName=NetS1_5 Pin=U4-12
Added Net: Name=NetS1_5
Added Pin To Net: NetName=NetS1_6 Pin=S1-6
Added Pin To Net: NetName=NetS1_6 Pin=U4-11
Added Net: Name=NetS1_6
Added Pin To Net: NetName=NetS1_7 Pin=S1-7
Added Pin To Net: NetName=NetS1_7 Pin=U4-10
Added Net: Name=NetS1_7
Added Pin To Net: NetName=NetS1_8 Pin=S1-8
Added Pin To Net: NetName=NetS1_8 Pin=U4-9
Added Net: Name=NetS1_8
Added Pin To Net: NetName=NRST Pin=P1-5
Added Pin To Net: NetName=NRST Pin=R1-1
Added Pin To Net: NetName=NRST Pin=SW1-1
Added Pin To Net: NetName=NRST Pin=SW1-1
Added Pin To Net: NetName=NRST Pin=U4-4
Added Net: Name=NRST
Added Pin To Net: NetName=SENSOR Pin=Q1-3
Added Pin To Net: NetName=SENSOR Pin=U4-15
Added Net: Name=SENSOR
Added Pin To Net: NetName=SWCLK Pin=P1-2
Added Pin To Net: NetName=SWCLK Pin=U4-24
Added Net: Name=SWCLK
Added Pin To Net: NetName=SWDIO Pin=P1-4
Added Pin To Net: NetName=SWDIO Pin=U4-23
Added Net: Name=SWDIO
Added Pin To Net: NetName=UART1_TX Pin=P3-2
Added Pin To Net: NetName=UART1_TX Pin=R8-2
Added Pin To Net: NetName=UART1_TX Pin=U4-19
Added Net: Name=UART1_TX
Added Class: Name=water_heater_02
